Change Component Footprint: Designator=D1 Old Footprint=ONSC-SOD-923-2-514AB-01_V New Footprint=FP-SMA-MFG
Change Component Footprint: Designator=D2 Old Footprint=ONSC-SOD-923-2-514AB-01_V New Footprint=FP-SMA-MFG
Change Component Comment : Designator=D1 Old Comment=ESD9R3.3ST5G New Comment=SMAJ5.0A-TR
Change Component Comment : Designator=D2 Old Comment=ESD9R3.3ST5G New Comment=SMAJ5.0A-TR
Change Managed Component Library Link : Designator=D1 Old VaultGUID=B7D15EC3-160A-466F-A46C-7801FE6295A7 New VaultGUID=B7D15EC3-160A-466F-A46C-7801FE6295A7 Old ItemGUID=10439C84-82E6-4693-8CEC-FB9ACB1EE3C6 New ItemGUID=7CE4D65A-F072-4FDC-9E53-9EE39138AEF9 Old RevisionGUID=9C769971-0979-4F1C-9ACA-CBF366CFED82 New RevisionGUID=2560B051-8A91-4592-BE8D-53D084164473
Change Managed Component Library Link : Designator=D2 Old VaultGUID=B7D15EC3-160A-466F-A46C-7801FE6295A7 New VaultGUID=B7D15EC3-160A-466F-A46C-7801FE6295A7 Old ItemGUID=10439C84-82E6-4693-8CEC-FB9ACB1EE3C6 New ItemGUID=7CE4D65A-F072-4FDC-9E53-9EE39138AEF9 Old RevisionGUID=9C769971-0979-4F1C-9ACA-CBF366CFED82 New RevisionGUID=2560B051-8A91-4592-BE8D-53D084164473
Change component parameters: Designator = "D1" ("D1"); Footprint = "ONSC-SOD-923-2-514AB-01_V"; UniqueID = "\OOKHOAZH\DBXTLSAH" ("\OOKHOAZH\DBXTLSAH")
Change component parameters (AddParameter): Name = "Automotive"; Value = "No"; VariantName = "[No Variations]"
Change component parameters (AddParameter): Name = "Breakdown Voltage"; Value = "6.4V"; VariantName = "[No Variations]"
Change component parameters (AddParameter): Name = "Category"; Value = "Diode"; VariantName = "[No Variations]"
Change component parameters (AddParameter): Name = "Clamping Voltage"; Value = "9.2V"; VariantName = "[No Variations]"
Change component parameters (AddParameter): Name = "ComponentLink2Description"; Value = "Datasheet"; VariantName = "[No Variations]"
Change component parameters (AddParameter): Name = "ComponentLink2URL"; Value = "https://www.st.com/resource/en/datasheet/smaj.pdf"; VariantName = "[No Variations]"
Change component parameters (AddParameter): Name = "Device Class L1"; Value = "Circuit Protection"; VariantName = "[No Variations]"
Change component parameters (AddParameter): Name = "Device Class L2"; Value = "TVS Diodes"; VariantName = "[No Variations]"
Change component parameters (AddParameter): Name = "Device Class L3"; Value = "unset"; VariantName = "[No Variations]"
Change component parameters (AddParameter): Name = "Digikey Description"; Value = "TVS DIODE 5V 13.4V SMA"; VariantName = "[No Variations]"
Change component parameters (AddParameter): Name = "Direction"; Value = "Unidirectional"; VariantName = "[No Variations]"
Change component parameters (AddParameter): Name = "Height"; Value = "2.65mm"; VariantName = "[No Variations]"
Change component parameters (AddParameter): Name = "Lead Free"; Value = "Yes"; VariantName = "[No Variations]"
Change component parameters (AddParameter): Name = "Manufacturer"; Value = "STMicroelectronics"; VariantName = "[No Variations]"
Change component parameters (AddParameter): Name = "Manufacturer Part Number"; Value = "SMAJ5.0A-TR"; VariantName = "[No Variations]"
Change component parameters (AddParameter): Name = "Max Junction Temp"; Value = "+150°C"; VariantName = "[No Variations]"
Change component parameters (AddParameter): Name = "Mouser Description"; Value = "Transient Voltage Suppressor, TVS, Transil SMAJ Series, Unidirectional, 5 V, DO-214AC, 2, 6.4 V"; VariantName = "[No Variations]"
Change component parameters (AddParameter): Name = "Number Of Channels"; Value = "1"; VariantName = "[No Variations]"
Change component parameters (AddParameter): Name = "Octopart"; Value = "https://octopart.com/smaj5.0a-tr-stmicroelectronics-347063"; VariantName = "[No Variations]"
Change component parameters (AddParameter): Name = "Package"; Value = "SMA"; VariantName = "[No Variations]"
Change component parameters (AddParameter): Name = "Peak Pulse Current"; Value = "43.5A"; VariantName = "[No Variations]"
Change component parameters (AddParameter): Name = "Peak Pulse Power"; Value = "400W"; VariantName = "[No Variations]"
Change component parameters (AddParameter): Name = "Reverse Standoff Voltage"; Value = "5V"; VariantName = "[No Variations]"
Change component parameters (AddParameter): Name = "RoHS"; Value = "TRUE"; VariantName = "[No Variations]"
Change component parameters (AddParameter): Name = "Standoff Height"; Value = "0.05mm"; VariantName = "[No Variations]"
Change component parameters (AddParameter): Name = "Temperature"; Value = "-55°C to +150°C"; VariantName = "[No Variations]"
Change component parameters (AddParameter): Name = "Temperature Range High"; Value = "+150°C"; VariantName = "[No Variations]"
Change component parameters (AddParameter): Name = "Temperature Range Low"; Value = "-55°C"; VariantName = "[No Variations]"
Change component parameters: Designator = "D2" ("D2"); Footprint = "ONSC-SOD-923-2-514AB-01_V"; UniqueID = "\OOKHOAZH\YKSIXPUM" ("\OOKHOAZH\YKSIXPUM")
Change component parameters (AddParameter): Name = "Automotive"; Value = "No"; VariantName = "[No Variations]"
Change component parameters (AddParameter): Name = "Breakdown Voltage"; Value = "6.4V"; VariantName = "[No Variations]"
Change component parameters (AddParameter): Name = "Category"; Value = "Diode"; VariantName = "[No Variations]"
Change component parameters (AddParameter): Name = "Clamping Voltage"; Value = "9.2V"; VariantName = "[No Variations]"
Change component parameters (AddParameter): Name = "ComponentLink2Description"; Value = "Datasheet"; VariantName = "[No Variations]"
Change component parameters (AddParameter): Name = "ComponentLink2URL"; Value = "https://www.st.com/resource/en/datasheet/smaj.pdf"; VariantName = "[No Variations]"
Change component parameters (AddParameter): Name = "Device Class L1"; Value = "Circuit Protection"; VariantName = "[No Variations]"
Change component parameters (AddParameter): Name = "Device Class L2"; Value = "TVS Diodes"; VariantName = "[No Variations]"
Change component parameters (AddParameter): Name = "Device Class L3"; Value = "unset"; VariantName = "[No Variations]"
Change component parameters (AddParameter): Name = "Digikey Description"; Value = "TVS DIODE 5V 13.4V SMA"; VariantName = "[No Variations]"
Change component parameters (AddParameter): Name = "Direction"; Value = "Unidirectional"; VariantName = "[No Variations]"
Change component parameters (AddParameter): Name = "Height"; Value = "2.65mm"; VariantName = "[No Variations]"
Change component parameters (AddParameter): Name = "Lead Free"; Value = "Yes"; VariantName = "[No Variations]"
Change component parameters (AddParameter): Name = "Manufacturer"; Value = "STMicroelectronics"; VariantName = "[No Variations]"
Change component parameters (AddParameter): Name = "Manufacturer Part Number"; Value = "SMAJ5.0A-TR"; VariantName = "[No Variations]"
Change component parameters (AddParameter): Name = "Max Junction Temp"; Value = "+150°C"; VariantName = "[No Variations]"
Change component parameters (AddParameter): Name = "Mouser Description"; Value = "Transient Voltage Suppressor, TVS, Transil SMAJ Series, Unidirectional, 5 V, DO-214AC, 2, 6.4 V"; VariantName = "[No Variations]"
Change component parameters (AddParameter): Name = "Number Of Channels"; Value = "1"; VariantName = "[No Variations]"
Change component parameters (AddParameter): Name = "Octopart"; Value = "https://octopart.com/smaj5.0a-tr-stmicroelectronics-347063"; VariantName = "[No Variations]"
Change component parameters (AddParameter): Name = "Package"; Value = "SMA"; VariantName = "[No Variations]"
Change component parameters (AddParameter): Name = "Peak Pulse Current"; Value = "43.5A"; VariantName = "[No Variations]"
Change component parameters (AddParameter): Name = "Peak Pulse Power"; Value = "400W"; VariantName = "[No Variations]"
Change component parameters (AddParameter): Name = "Reverse Standoff Voltage"; Value = "5V"; VariantName = "[No Variations]"
Change component parameters (AddParameter): Name = "RoHS"; Value = "TRUE"; VariantName = "[No Variations]"
Change component parameters (AddParameter): Name = "Standoff Height"; Value = "0.05mm"; VariantName = "[No Variations]"
Change component parameters (AddParameter): Name = "Temperature"; Value = "-55°C to +150°C"; VariantName = "[No Variations]"
Change component parameters (AddParameter): Name = "Temperature Range High"; Value = "+150°C"; VariantName = "[No Variations]"
Change component parameters (AddParameter): Name = "Temperature Range Low"; Value = "-55°C"; VariantName = "[No Variations]"
Added Component: Designator=J0(CONN8_776280_TEC)
Add component (AddParameter): Name = "Manufacturer_Part_Number"; Value = "1-776280-1"; VariantName = "[No Variations]"
Add component (AddParameter): Name = "Mfr_Name"; Value = "TE Connectivity"; VariantName = "[No Variations]"
Added Component: Designator=J1(TE-776087-1)
Add component (AddParameter): Name = "Supplier 1"; Value = "Digi-Key"; VariantName = "[No Variations]"
Add component (AddParameter): Name = "Supplier Part Number 1"; Value = "A107007-ND"; VariantName = "[No Variations]"
Added Pin To Net: NetName=TS Pin=J0-1
Added Pin To Net: NetName=GND Pin=J0-2
Added Pin To Net: NetName=GND Pin=J0-3
Added Pin To Net: NetName=GND Pin=J0-4
Added Pin To Net: NetName=+5V Pin=J1-1
Added Pin To Net: NetName=+5V Pin=J1-2
Added Pin To Net: NetName=VSYS Pin=J1-3
Added Pin To Net: NetName=VSYS Pin=J1-4
Added Pin To Net: NetName=VSYS Pin=J1-5
Added Pin To Net: NetName=SCL Pin=J1-6
Added Pin To Net: NetName=SDA Pin=J1-7
Added Pin To Net: NetName=GND Pin=J1-10
Added Pin To Net: NetName=\C\E\ Pin=J1-11
Added Pin To Net: NetName=\P\G\ Pin=J1-12
Added Pin To Net: NetName=IBAT Pin=J1-13
Added Pin To Net: NetName=GND Pin=J1-14
Added Pin To Net: NetName=STAT Pin=J1-15
Added Pin To Net: NetName=\I\N\T\ Pin=J1-16
Added Pin To Net: NetName=\Q\O\N\ Pin=J1-17
Added Pin To Net: NetName=NetJ1_18 Pin=J1-18
Added Pin To Net: NetName=NetJ1_19 Pin=J1-19
Added Pin To Net: NetName=NetJ1_20 Pin=J1-20
Added Pin To Net: NetName=NetJ1_21 Pin=J1-21
Added Pin To Net: NetName=NetJ1_22 Pin=J1-22
Added Pin To Net: NetName=NetJ1_23 Pin=J1-23
Added Pin To Net: NetName=BAT_RAW Pin=J0-6
Added Pin To Net: NetName=BAT_RAW Pin=J0-7
Added Pin To Net: NetName=BAT_RAW Pin=J0-8
Added Pin To Net: NetName=BAT_RAW Pin=J1-8
Added Net: Name=BAT_RAW
Added Pin To Net: NetName=E-Stop Pin=F1-1
Added Pin To Net: NetName=E-Stop Pin=F1-2
Added Pin To Net: NetName=E-Stop Pin=J1-9
Added Net: Name=E-Stop
Added Member To Class: ClassName=Connectors Member=Component J0 1-776280-1
Added Member To Class: ClassName=Connectors Member=Component J1 TE-776087-1
