Removed Pin From Net: NetName=Pre-VBAT Pin=J1-8
Removed Pin From Net: NetName=E-Stop Pin=J1-9
Removed Pin From Net: NetName=\C\E\ Pin=J1-11
Removed Pin From Net: NetName=\P\G\ Pin=J1-12
Removed Pin From Net: NetName=IBAT Pin=J1-13
Removed Pin From Net: NetName=GND Pin=J1-14
Removed Pin From Net: NetName=STAT Pin=J1-15
Removed Pin From Net: NetName=\I\N\T\ Pin=J1-16
Removed Pin From Net: NetName=\Q\O\N\ Pin=J1-17
Removed Pin From Net: NetName=NetJ1_18 Pin=TP18-1
Removed Pin From Net: NetName=NetJ1_19 Pin=TP19-1
Removed Pin From Net: NetName=NetJ1_20 Pin=TP20-1
Removed Pin From Net: NetName=NetJ1_21 Pin=TP21-1
Removed Pin From Net: NetName=NetJ1_18 Pin=U0-1
Removed Pin From Net: NetName=NetJ1_19 Pin=U6-1
Removed Pin From Net: NetName=NetJ1_20 Pin=U8-1
Removed Pin From Net: NetName=NetJ1_21 Pin=U10-1
Added Pin To Net: NetName=\C\E\ Pin=J1-8
Added Pin To Net: NetName=\P\G\ Pin=J1-9
Added Pin To Net: NetName=IBAT Pin=J1-11
Added Pin To Net: NetName=GND Pin=J1-12
Added Pin To Net: NetName=STAT Pin=J1-13
Added Pin To Net: NetName=\I\N\T\ Pin=J1-14
Added Pin To Net: NetName=\Q\O\N\ Pin=J1-15
Added Pin To Net: NetName=E-Stop Pin=J1-22
Added Pin To Net: NetName=Pre-VBAT Pin=J1-23
Added Pin To Net: NetName=NetJ1_20 Pin=R18-1
Added Pin To Net: NetName=NetJ1_21 Pin=R19-2
Added Pin To Net: NetName=NetJ1_18 Pin=TP20-1
Added Pin To Net: NetName=NetJ1_19 Pin=TP21-1
Added Pin To Net: NetName=NetJ1_18 Pin=U8-1
Added Pin To Net: NetName=NetJ1_19 Pin=U10-1
Added Pin To Net: NetName=NetJ1_16 Pin=J1-16
Added Pin To Net: NetName=NetJ1_16 Pin=TP18-1
Added Pin To Net: NetName=NetJ1_16 Pin=U0-1
Added Net: Name=NetJ1_16
Added Pin To Net: NetName=NetJ1_17 Pin=J1-17
Added Pin To Net: NetName=NetJ1_17 Pin=TP19-1
Added Pin To Net: NetName=NetJ1_17 Pin=U6-1
Added Net: Name=NetJ1_17
