Removed Pin From Net: NetName=CELL1_I2C_EN Pin=U0-1
Removed Pin From Net: NetName=SDA Pin=U0-2
Removed Pin From Net: NetName=SCL Pin=U0-3
Removed Pin From Net: NetName=GND Pin=U0-5
Removed Pin From Net: NetName=NetC23_1 Pin=U0-6
Removed Pin From Net: NetName=NetC22_1 Pin=U0-7
Removed Pin From Net: NetName=+5V Pin=U0-8
Removed Pin From Net: NetName=NetC21_1 Pin=U0-9
Removed Pin From Net: NetName=NetC20_1 Pin=U0-10
Removed Pin From Net: NetName=CELL2_I2C_EN Pin=U6-1
Removed Pin From Net: NetName=NetC29_1 Pin=U6-6
Removed Pin From Net: NetName=NetC28_1 Pin=U6-7
Removed Pin From Net: NetName=NetC27_1 Pin=U6-9
Removed Pin From Net: NetName=NetC26_1 Pin=U6-10
Removed Pin From Net: NetName=CELL2 Pin=U7-1
Removed Pin From Net: NetName=CELL2_SDA Pin=U7-2
Removed Pin From Net: NetName=CELL2_SCL Pin=U7-3
Removed Pin From Net: NetName=CELL3 Pin=U7-5
Removed Pin From Net: NetName=NetC26_2 Pin=U7-6
Removed Pin From Net: NetName=NetC27_2 Pin=U7-7
Removed Pin From Net: NetName=CELL2 Pin=U7-8
Removed Pin From Net: NetName=NetC28_2 Pin=U7-9
Removed Pin From Net: NetName=NetC29_2 Pin=U7-10
Removed Pin From Net: NetName=CELL3_I2C_EN Pin=U8-1
Removed Pin From Net: NetName=NetC35_1 Pin=U8-6
Removed Pin From Net: NetName=NetC34_1 Pin=U8-7
Removed Pin From Net: NetName=NetC33_1 Pin=U8-9
Removed Pin From Net: NetName=NetC32_1 Pin=U8-10
Removed Pin From Net: NetName=CELL3 Pin=U9-1
Removed Pin From Net: NetName=CELL3_SDA Pin=U9-2
Removed Pin From Net: NetName=CELL3_SCL Pin=U9-3
Removed Pin From Net: NetName=CELL4 Pin=U9-5
Removed Pin From Net: NetName=NetC32_2 Pin=U9-6
Removed Pin From Net: NetName=NetC33_2 Pin=U9-7
Removed Pin From Net: NetName=CELL3 Pin=U9-8
Removed Pin From Net: NetName=NetC34_2 Pin=U9-9
Removed Pin From Net: NetName=NetC35_2 Pin=U9-10
Removed Pin From Net: NetName=CELL4_I2C_EN Pin=U10-1
Removed Pin From Net: NetName=NetC41_1 Pin=U10-6
Removed Pin From Net: NetName=NetC40_1 Pin=U10-7
Removed Pin From Net: NetName=NetC39_1 Pin=U10-9
Removed Pin From Net: NetName=NetC38_1 Pin=U10-10
Removed Pin From Net: NetName=CELL4 Pin=U11-1
Removed Pin From Net: NetName=CELL4_SDA Pin=U11-2
Removed Pin From Net: NetName=CELL4_SCL Pin=U11-3
Removed Pin From Net: NetName=BAT_GND Pin=U11-5
Removed Pin From Net: NetName=NetC38_2 Pin=U11-6
Removed Pin From Net: NetName=NetC39_2 Pin=U11-7
Removed Pin From Net: NetName=CELL4 Pin=U11-8
Removed Pin From Net: NetName=NetC40_2 Pin=U11-9
Removed Pin From Net: NetName=NetC41_2 Pin=U11-10
Removed Pin From Net: NetName=CELL1 Pin=U12-1
Removed Pin From Net: NetName=CELL1_SDA Pin=U12-2
Removed Pin From Net: NetName=CELL1_SCL Pin=U12-3
Removed Pin From Net: NetName=CELL2 Pin=U12-5
Removed Pin From Net: NetName=NetC20_2 Pin=U12-6
Removed Pin From Net: NetName=NetC21_2 Pin=U12-7
Removed Pin From Net: NetName=CELL1 Pin=U12-8
Removed Pin From Net: NetName=NetC22_2 Pin=U12-9
Removed Pin From Net: NetName=NetC23_2 Pin=U12-10
Removed Member From Class: ClassName=Cell1 Member=U0
Removed Member From Class: ClassName=Cell2 Member=U6
Removed Member From Class: ClassName=Cell2 Member=U7
Removed Member From Class: ClassName=Cell3 Member=U8
Removed Member From Class: ClassName=Cell3 Member=U9
Removed Member From Class: ClassName=Cell4 Member=U10
Removed Member From Class: ClassName=Cell4 Member=U11
Removed Member From Class: ClassName=Cell1 Member=U12
Change Component Footprint: Designator=U6 Old Footprint=LTC4310IMS-2#PBF New Footprint=MSOP-10_MS_LIT
Change Component Footprint: Designator=U7 Old Footprint=LTC4310IMS-2#PBF New Footprint=MSOP-10_MS_LIT
Change Component Footprint: Designator=U8 Old Footprint=LTC4310IMS-2#PBF New Footprint=MSOP-10_MS_LIT
Change Component Footprint: Designator=U9 Old Footprint=LTC4310IMS-2#PBF New Footprint=MSOP-10_MS_LIT
Change Component Footprint: Designator=U10 Old Footprint=LTC4310IMS-2#PBF New Footprint=MSOP-10_MS_LIT
Change Component Footprint: Designator=U11 Old Footprint=LTC4310IMS-2#PBF New Footprint=MSOP-10_MS_LIT
Change Component Footprint: Designator=U12 Old Footprint=LTC4310IMS-2#PBF New Footprint=MSOP-10_MS_LIT
Change component parameters: Designator = "U6" ("U6"); Footprint = "LTC4310IMS-2#PBF"; UniqueID = "\AYDZUDZY\QBTDEKAT" ("\AYDZUDZY\QBTDEKAT")
Change component parameters: Designator = "U7" ("U7"); Footprint = "LTC4310IMS-2#PBF"; UniqueID = "\AYDZUDZY\TCVHREPH" ("\AYDZUDZY\TCVHREPH")
Change component parameters: Designator = "U8" ("U8"); Footprint = "LTC4310IMS-2#PBF"; UniqueID = "\SOQBHHUF\QLZHITFL" ("\SOQBHHUF\QLZHITFL")
Change component parameters: Designator = "U9" ("U9"); Footprint = "LTC4310IMS-2#PBF"; UniqueID = "\SOQBHHUF\UKIFVLEL" ("\SOQBHHUF\UKIFVLEL")
Change component parameters: Designator = "U10" ("U10"); Footprint = "LTC4310IMS-2#PBF"; UniqueID = "\UVTGFBPA\EHJKKATQ" ("\UVTGFBPA\EHJKKATQ")
Change component parameters: Designator = "U11" ("U11"); Footprint = "LTC4310IMS-2#PBF"; UniqueID = "\UVTGFBPA\OGJSOZRS" ("\UVTGFBPA\OGJSOZRS")
Change component parameters: Designator = "U12" ("U12"); Footprint = "LTC4310IMS-2#PBF"; UniqueID = "\ZPURUSKM\XAXSURDS" ("\ZPURUSKM\XAXSURDS")
Added Component: Designator=U13(MSOP-10_MS_LIT)
Added Pin To Net: NetName=CELL1_I2C_EN Pin=U6-1
Added Pin To Net: NetName=NetC23_1 Pin=U6-6
Added Pin To Net: NetName=NetC22_1 Pin=U6-7
Added Pin To Net: NetName=NetC21_1 Pin=U6-9
Added Pin To Net: NetName=NetC20_1 Pin=U6-10
Added Pin To Net: NetName=CELL1 Pin=U7-1
Added Pin To Net: NetName=CELL1_SDA Pin=U7-2
Added Pin To Net: NetName=CELL1_SCL Pin=U7-3
Added Pin To Net: NetName=CELL2 Pin=U7-5
Added Pin To Net: NetName=NetC20_2 Pin=U7-6
Added Pin To Net: NetName=NetC21_2 Pin=U7-7
Added Pin To Net: NetName=CELL1 Pin=U7-8
Added Pin To Net: NetName=NetC22_2 Pin=U7-9
Added Pin To Net: NetName=NetC23_2 Pin=U7-10
Added Pin To Net: NetName=CELL2_I2C_EN Pin=U8-1
Added Pin To Net: NetName=NetC29_1 Pin=U8-6
Added Pin To Net: NetName=NetC28_1 Pin=U8-7
Added Pin To Net: NetName=NetC27_1 Pin=U8-9
Added Pin To Net: NetName=NetC26_1 Pin=U8-10
Added Pin To Net: NetName=CELL2 Pin=U9-1
Added Pin To Net: NetName=CELL2_SDA Pin=U9-2
Added Pin To Net: NetName=CELL2_SCL Pin=U9-3
Added Pin To Net: NetName=CELL3 Pin=U9-5
Added Pin To Net: NetName=NetC26_2 Pin=U9-6
Added Pin To Net: NetName=NetC27_2 Pin=U9-7
Added Pin To Net: NetName=CELL2 Pin=U9-8
Added Pin To Net: NetName=NetC28_2 Pin=U9-9
Added Pin To Net: NetName=NetC29_2 Pin=U9-10
Added Pin To Net: NetName=CELL3_I2C_EN Pin=U10-1
Added Pin To Net: NetName=NetC35_1 Pin=U10-6
Added Pin To Net: NetName=NetC34_1 Pin=U10-7
Added Pin To Net: NetName=NetC33_1 Pin=U10-9
Added Pin To Net: NetName=NetC32_1 Pin=U10-10
Added Pin To Net: NetName=CELL3 Pin=U11-1
Added Pin To Net: NetName=CELL3_SDA Pin=U11-2
Added Pin To Net: NetName=CELL3_SCL Pin=U11-3
Added Pin To Net: NetName=CELL4 Pin=U11-5
Added Pin To Net: NetName=NetC32_2 Pin=U11-6
Added Pin To Net: NetName=NetC33_2 Pin=U11-7
Added Pin To Net: NetName=CELL3 Pin=U11-8
Added Pin To Net: NetName=NetC34_2 Pin=U11-9
Added Pin To Net: NetName=NetC35_2 Pin=U11-10
Added Pin To Net: NetName=CELL4_I2C_EN Pin=U12-1
Added Pin To Net: NetName=SDA Pin=U12-2
Added Pin To Net: NetName=SCL Pin=U12-3
Added Pin To Net: NetName=GND Pin=U12-5
Added Pin To Net: NetName=NetC41_1 Pin=U12-6
Added Pin To Net: NetName=NetC40_1 Pin=U12-7
Added Pin To Net: NetName=+5V Pin=U12-8
Added Pin To Net: NetName=NetC39_1 Pin=U12-9
Added Pin To Net: NetName=NetC38_1 Pin=U12-10
Added Pin To Net: NetName=CELL4 Pin=U13-1
Added Pin To Net: NetName=CELL4_SDA Pin=U13-2
Added Pin To Net: NetName=CELL4_SCL Pin=U13-3
Added Pin To Net: NetName=BAT_GND Pin=U13-5
Added Pin To Net: NetName=NetC38_2 Pin=U13-6
Added Pin To Net: NetName=NetC39_2 Pin=U13-7
Added Pin To Net: NetName=CELL4 Pin=U13-8
Added Pin To Net: NetName=NetC40_2 Pin=U13-9
Added Pin To Net: NetName=NetC41_2 Pin=U13-10
Added Member To Class: ClassName=Cell1 Member=Component U6 LTC4310IMS-2#PBF-ND
Added Member To Class: ClassName=Cell1 Member=Component U7 LTC4310IMS-2#PBF-ND
Added Member To Class: ClassName=Cell2 Member=Component U8 LTC4310IMS-2#PBF-ND
Added Member To Class: ClassName=Cell2 Member=Component U9 LTC4310IMS-2#PBF-ND
Added Member To Class: ClassName=Cell3 Member=Component U10 LTC4310IMS-2#PBF-ND
Added Member To Class: ClassName=Cell3 Member=Component U11 LTC4310IMS-2#PBF-ND
Added Member To Class: ClassName=Cell4 Member=Component U12 LTC4310IMS-2#PBF-ND
Added Member To Class: ClassName=Cell4 Member=Component U13 LTC4310IMS-2#PBF-ND
