Added Component: Designator=U1(BGA_79YBGR_TEX)
Add component (AddParameter): Name = "Manufacturer"; Value = "Texas Instruments"; VariantName = "[No Variations]"
Add component (AddParameter): Name = "Manufacturer Part Number"; Value = "BQ24179YBGR"; VariantName = "[No Variations]"
Add component (AddParameter): Name = "Pricing 1"; Value = "1=6.36000, 10=5.74300, 25=5.47600, 100=4.75470, 250=4.54104, 500=4.41000 (USD)"; VariantName = "[No Variations]"
Add component (AddParameter): Name = "RoHS"; Value = "Yes"; VariantName = "[No Variations]"
Add component (AddParameter): Name = "Stock 1"; Value = "2424"; VariantName = "[No Variations]"
Add component (AddParameter): Name = "Supplier 1"; Value = "Digi-Key"; VariantName = "[No Variations]"
Add component (AddParameter): Name = "Supplier Part Number 1"; Value = "296-BQ24179YBGRCT-ND"; VariantName = "[No Variations]"
Added Pin To Net: NetName=VBUS Pin=U1-A1
Added Pin To Net: NetName=PMID Pin=U1-A2
Added Pin To Net: NetName=SW1 Pin=U1-A3
Added Pin To Net: NetName=GND Pin=U1-A4
Added Pin To Net: NetName=SW2 Pin=U1-A5
Added Pin To Net: NetName=Pre-VSYS Pin=U1-A6
Added Pin To Net: NetName=VBAT Pin=U1-A7
Added Pin To Net: NetName=VBUS Pin=U1-B1
Added Pin To Net: NetName=PMID Pin=U1-B2
Added Pin To Net: NetName=SW1 Pin=U1-B3
Added Pin To Net: NetName=GND Pin=U1-B4
Added Pin To Net: NetName=SW2 Pin=U1-B5
Added Pin To Net: NetName=Pre-VSYS Pin=U1-B6
Added Pin To Net: NetName=VBAT Pin=U1-B7
Added Pin To Net: NetName=VBUS Pin=U1-C1
Added Pin To Net: NetName=PMID Pin=U1-C2
Added Pin To Net: NetName=SW1 Pin=U1-C3
Added Pin To Net: NetName=GND Pin=U1-C4
Added Pin To Net: NetName=SW2 Pin=U1-C5
Added Pin To Net: NetName=Pre-VSYS Pin=U1-C6
Added Pin To Net: NetName=VBAT Pin=U1-C7
Added Pin To Net: NetName=BTST1 Pin=U1-D1
Added Pin To Net: NetName=PMID Pin=U1-D2
Added Pin To Net: NetName=SW1 Pin=U1-D3
Added Pin To Net: NetName=GND Pin=U1-D4
Added Pin To Net: NetName=SW2 Pin=U1-D5
Added Pin To Net: NetName=Pre-VSYS Pin=U1-D6
Added Pin To Net: NetName=VBAT Pin=U1-D7
Added Pin To Net: NetName=REGN Pin=U1-E1
Added Pin To Net: NetName=PMID Pin=U1-E2
Added Pin To Net: NetName=SW1 Pin=U1-E3
Added Pin To Net: NetName=GND Pin=U1-E4
Added Pin To Net: NetName=SW2 Pin=U1-E5
Added Pin To Net: NetName=Pre-VSYS Pin=U1-E6
Added Pin To Net: NetName=VBAT Pin=U1-E7
Added Pin To Net: NetName=STAT Pin=U1-F1
Added Pin To Net: NetName=V_ILIM Pin=U1-F4
Added Pin To Net: NetName=PROG Pin=U1-F5
Added Pin To Net: NetName=SDRV Pin=U1-F6
Added Pin To Net: NetName=BTST2 Pin=U1-F7
Added Pin To Net: NetName=VBUS Pin=U1-G1
Added Pin To Net: NetName=GND Pin=U1-G2
Added Pin To Net: NetName=\Q\O\N\ Pin=U1-G3
Added Pin To Net: NetName=\C\E\ Pin=U1-G4
Added Pin To Net: NetName=\I\N\T\ Pin=U1-G5
Added Pin To Net: NetName=BATN Pin=U1-G6
Added Pin To Net: NetName=BATP Pin=U1-G7
Added Pin To Net: NetName=VBUS Pin=U1-H1
Added Pin To Net: NetName=GND Pin=U1-H2
Added Pin To Net: NetName=\P\G\ Pin=U1-H3
Added Pin To Net: NetName=SCL Pin=U1-H4
Added Pin To Net: NetName=SDA Pin=U1-H5
Added Pin To Net: NetName=IBAT Pin=U1-H6
Added Pin To Net: NetName=TS Pin=U1-H7
Added Member To Class: ClassName=BMS Member=Component U1 BQ24179YBGR
