Added Component: Designator=C11(C0402)
Add component (AddParameter): Name = "Capacitance"; Value = "100nF"; VariantName = "[No Variations]"
Add component (AddParameter): Name = "Case Code (Imperial)"; Value = "0402"; VariantName = "[No Variations]"
Add component (AddParameter): Name = "Case Code (Metric)"; Value = "1005"; VariantName = "[No Variations]"
Add component (AddParameter): Name = "Case/Package"; Value = "0402"; VariantName = "[No Variations]"
Add component (AddParameter): Name = "Category"; Value = "Ceramic Capacitors"; VariantName = "[No Variations]"
Add component (AddParameter): Name = "ComponentLink1Description"; Value = "https://datasheet.ciiva.com/131/tmk105bj104kv-f-ss-131420.pdf?src-supplier=Digi-Key"; VariantName = "[No Variations]"
Add component (AddParameter): Name = "ComponentLink1URL"; Value = "https://datasheet.ciiva.com/131/tmk105bj104kv-f-ss-131420.pdf?src-supplier=Digi-Key"; VariantName = "[No Variations]"
Add component (AddParameter): Name = "ComponentLink2Description"; Value = "https://datasheet.ciiva.com/15922/28tmk105bj104kv-f-15922315.pdf?src-supplier=Onlinecomponents.com"; VariantName = "[No Variations]"
Add component (AddParameter): Name = "ComponentLink2URL"; Value = "https://datasheet.ciiva.com/15922/28tmk105bj104kv-f-15922315.pdf?src-supplier=Onlinecomponents.com"; VariantName = "[No Variations]"
Add component (AddParameter): Name = "ComponentLink3Description"; Value = "https://datasheet.ciiva.com/30051/25tmk105bj104kv-f-30051094.pdf?src-supplier=Onlinecomponents.com"; VariantName = "[No Variations]"
Add component (AddParameter): Name = "ComponentLink3URL"; Value = "https://datasheet.ciiva.com/30051/25tmk105bj104kv-f-30051094.pdf?src-supplier=Onlinecomponents.com"; VariantName = "[No Variations]"
Add component (AddParameter): Name = "ComponentLink4Description"; Value = "https://datasheet.ciiva.com/22768/1693457-22768649.pdf?src-supplier=Farnell"; VariantName = "[No Variations]"
Add component (AddParameter): Name = "ComponentLink4URL"; Value = "https://datasheet.ciiva.com/22768/1693457-22768649.pdf?src-supplier=Farnell"; VariantName = "[No Variations]"
Add component (AddParameter): Name = "Construction"; Value = "Flat"; VariantName = "[No Variations]"
Add component (AddParameter): Name = "Depth"; Value = "0.5mm"; VariantName = "[No Variations]"
Add component (AddParameter): Name = "Dielectric"; Value = "X5R"; VariantName = "[No Variations]"
Add component (AddParameter): Name = "Halogen Free"; Value = "Halogen Free"; VariantName = "[No Variations]"
Add component (AddParameter): Name = "Height"; Value = "0.5mm"; VariantName = "[No Variations]"
Add component (AddParameter): Name = "Lead Free"; Value = "Lead Free"; VariantName = "[No Variations]"
Add component (AddParameter): Name = "Length"; Value = "1mm"; VariantName = "[No Variations]"
Add component (AddParameter): Name = "Manufacturer"; Value = "Taiyo Yuden"; VariantName = "[No Variations]"
Add component (AddParameter): Name = "Manufacturer Part Number"; Value = "TMK105BJ104KV-F"; VariantName = "[No Variations]"
Add component (AddParameter): Name = "Max Operating Temperature"; Value = "85°C"; VariantName = "[No Variations]"
Add component (AddParameter): Name = "Min Operating Temperature"; Value = "-55°C"; VariantName = "[No Variations]"
Add component (AddParameter): Name = "Mount"; Value = "Surface Mount"; VariantName = "[No Variations]"
Add component (AddParameter): Name = "Number of Pins"; Value = "2"; VariantName = "[No Variations]"
Add component (AddParameter): Name = "Package / Case"; Value = "0402"; VariantName = "[No Variations]"
Add component (AddParameter): Name = "Package Quantity"; Value = "1"; VariantName = "[No Variations]"
Add component (AddParameter): Name = "Packaging"; Value = "Tape and Reel"; VariantName = "[No Variations]"
Add component (AddParameter): Name = "Pricing 1"; Value = "1=0.10000, 10=0.04200, 50=0.02280, 100=0.01860, 500=0.01328, 1000=0.01044, 2500=0.00949, 5000=0.00873 (USD)"; VariantName = "[No Variations]"
Add component (AddParameter): Name = "REACH SVHC"; Value = "No SVHC"; VariantName = "[No Variations]"
Add component (AddParameter): Name = "Resistor Type"; Value = "Ceramic"; VariantName = "[No Variations]"
Add component (AddParameter): Name = "RoHS"; Value = "Yes"; VariantName = "[No Variations]"
Add component (AddParameter): Name = "RoHS Compliant"; Value = "Yes"; VariantName = "[No Variations]"
Add component (AddParameter): Name = "Series"; Value = "M"; VariantName = "[No Variations]"
Add component (AddParameter): Name = "Stock 1"; Value = "2308231"; VariantName = "[No Variations]"
Add component (AddParameter): Name = "Supplier 1"; Value = "Digi-Key"; VariantName = "[No Variations]"
Add component (AddParameter): Name = "Supplier Part Number 1"; Value = "587-1456-1-ND"; VariantName = "[No Variations]"
Add component (AddParameter): Name = "Termination"; Value = "SMD/SMT"; VariantName = "[No Variations]"
Add component (AddParameter): Name = "Thickness"; Value = "0.022inch"; VariantName = "[No Variations]"
Add component (AddParameter): Name = "Tolerance"; Value = "10%"; VariantName = "[No Variations]"
Add component (AddParameter): Name = "Voltage"; Value = "25V"; VariantName = "[No Variations]"
Add component (AddParameter): Name = "Voltage Rating"; Value = "25V"; VariantName = "[No Variations]"
Add component (AddParameter): Name = "Voltage Rating (DC)"; Value = "25V"; VariantName = "[No Variations]"
Add component (AddParameter): Name = "Weight"; Value = "2.3E-05oz"; VariantName = "[No Variations]"
Add component (AddParameter): Name = "Width"; Value = "0.5mm"; VariantName = "[No Variations]"
Added Component: Designator=U1(BGA56C40P7X8_286X328X50)
Add component (AddParameter): Name = "Manufacturer"; Value = "Texas Instruments"; VariantName = "[No Variations]"
Add component (AddParameter): Name = "Manufacturer Part Number"; Value = "BQ24179YBGR"; VariantName = "[No Variations]"
Add component (AddParameter): Name = "Pricing 1"; Value = "1=6.36000, 10=5.74300, 25=5.47600, 100=4.75470, 250=4.54104, 500=4.41000 (USD)"; VariantName = "[No Variations]"
Add component (AddParameter): Name = "RoHS"; Value = "Yes"; VariantName = "[No Variations]"
Add component (AddParameter): Name = "Stock 1"; Value = "2424"; VariantName = "[No Variations]"
Add component (AddParameter): Name = "Supplier 1"; Value = "Digi-Key"; VariantName = "[No Variations]"
Add component (AddParameter): Name = "Supplier Part Number 1"; Value = "296-BQ24179YBGRCT-ND"; VariantName = "[No Variations]"
Added Pin To Net: NetName=GND Pin=C11-1
Added Pin To Net: NetName=VSYS Pin=C11-2
Added Pin To Net: NetName=VBUS Pin=U1-A1
Added Pin To Net: NetName=PMID Pin=U1-A2
Added Pin To Net: NetName=NetC7_1 Pin=U1-A3
Added Pin To Net: NetName=GND Pin=U1-A4
Added Pin To Net: NetName=NetC8_2 Pin=U1-A5
Added Pin To Net: NetName=Pre-VSYS Pin=U1-A6
Added Pin To Net: NetName=VBAT Pin=U1-A7
Added Pin To Net: NetName=VBUS Pin=U1-B1
Added Pin To Net: NetName=PMID Pin=U1-B2
Added Pin To Net: NetName=NetC7_1 Pin=U1-B3
Added Pin To Net: NetName=GND Pin=U1-B4
Added Pin To Net: NetName=NetC8_2 Pin=U1-B5
Added Pin To Net: NetName=Pre-VSYS Pin=U1-B6
Added Pin To Net: NetName=VBAT Pin=U1-B7
Added Pin To Net: NetName=VBUS Pin=U1-C1
Added Pin To Net: NetName=PMID Pin=U1-C2
Added Pin To Net: NetName=NetC7_1 Pin=U1-C3
Added Pin To Net: NetName=GND Pin=U1-C4
Added Pin To Net: NetName=NetC8_2 Pin=U1-C5
Added Pin To Net: NetName=Pre-VSYS Pin=U1-C6
Added Pin To Net: NetName=VBAT Pin=U1-C7
Added Pin To Net: NetName=NetC7_2 Pin=U1-D1
Added Pin To Net: NetName=PMID Pin=U1-D2
Added Pin To Net: NetName=NetC7_1 Pin=U1-D3
Added Pin To Net: NetName=GND Pin=U1-D4
Added Pin To Net: NetName=NetC8_2 Pin=U1-D5
Added Pin To Net: NetName=Pre-VSYS Pin=U1-D6
Added Pin To Net: NetName=VBAT Pin=U1-D7
Added Pin To Net: NetName=REGN Pin=U1-E1
Added Pin To Net: NetName=PMID Pin=U1-E2
Added Pin To Net: NetName=NetC7_1 Pin=U1-E3
Added Pin To Net: NetName=GND Pin=U1-E4
Added Pin To Net: NetName=NetC8_2 Pin=U1-E5
Added Pin To Net: NetName=Pre-VSYS Pin=U1-E6
Added Pin To Net: NetName=VBAT Pin=U1-E7
Added Pin To Net: NetName=STAT Pin=U1-F1
Added Pin To Net: NetName=V_ILIM Pin=U1-F4
Added Pin To Net: NetName=NetR1_2 Pin=U1-F5
Added Pin To Net: NetName=NetC17_2 Pin=U1-F6
Added Pin To Net: NetName=NetC8_1 Pin=U1-F7
Added Pin To Net: NetName=VBUS Pin=U1-G1
Added Pin To Net: NetName=GND Pin=U1-G2
Added Pin To Net: NetName=\Q\O\N\ Pin=U1-G3
Added Pin To Net: NetName=\C\E\ Pin=U1-G4
Added Pin To Net: NetName=\I\N\T\ Pin=U1-G5
Added Pin To Net: NetName=NetR10_2 Pin=U1-G6
Added Pin To Net: NetName=NetR8_1 Pin=U1-G7
Added Pin To Net: NetName=VBUS Pin=U1-H1
Added Pin To Net: NetName=GND Pin=U1-H2
Added Pin To Net: NetName=\P\G\ Pin=U1-H3
Added Pin To Net: NetName=NetD2_1 Pin=U1-H4
Added Pin To Net: NetName=NetD1_1 Pin=U1-H5
Added Pin To Net: NetName=IBAT Pin=U1-H6
Added Pin To Net: NetName=TS Pin=U1-H7
Added Member To Class: ClassName=BMS Member=Component C11 Capacitor 0402
Added Member To Class: ClassName=BMS Member=Component U1 BQ24179YBGR
