Removed Pin From Net: NetName=+5V Pin=J1-1
Removed Pin From Net: NetName=+5V Pin=J1-2
Removed Pin From Net: NetName=VSYS Pin=J1-3
Removed Pin From Net: NetName=VSYS Pin=J1-4
Removed Pin From Net: NetName=VSYS Pin=J1-5
Removed Pin From Net: NetName=\P\G\ Pin=J1-9
Removed Pin From Net: NetName=CELL1_I2C_EN Pin=J1-16
Removed Pin From Net: NetName=CELL2_I2C_EN Pin=J1-17
Removed Pin From Net: NetName=CELL3_I2C_EN Pin=J1-18
Removed Pin From Net: NetName=CELL4_I2C_EN Pin=J1-19
Added Pin To Net: NetName=CELL3_I2C_EN Pin=J1-1
Added Pin To Net: NetName=CELL2_I2C_EN Pin=J1-2
Added Pin To Net: NetName=CELL1_I2C_EN Pin=J1-3
Added Pin To Net: NetName=CELL4_I2C_EN Pin=J1-4
Added Pin To Net: NetName=\P\G\ Pin=J1-5
Added Pin To Net: NetName=+5V Pin=J1-9
Added Pin To Net: NetName=+5V Pin=J1-16
Added Pin To Net: NetName=VSYS Pin=J1-17
Added Pin To Net: NetName=VSYS Pin=J1-18
Added Pin To Net: NetName=VSYS Pin=J1-19
