Removed Pin From Net: NetName=PWM_4 Pin=J?-2
Removed Pin From Net: NetName=DIR_3 Pin=J?-3
Removed Pin From Net: NetName=PWM_3 Pin=J?-4
Removed Pin From Net: NetName=PWM_2 Pin=J?-5
Removed Pin From Net: NetName=DIR_2 Pin=J?-6
Removed Pin From Net: NetName=PWM_1 Pin=J?-7
Removed Pin From Net: NetName=DIR_1 Pin=J?-8
Removed Pin From Net: NetName=GND Pin=J?-9
Removed Pin From Net: NetName=GND Pin=J?-10
Removed Pin From Net: NetName=ARM_DIR_3 Pin=J?-11
Removed Pin From Net: NetName=ARM_STEP_3 Pin=J?-12
Removed Pin From Net: NetName=ARM_DIR_2 Pin=J?-13
Removed Pin From Net: NetName=ARM_STEP_2 Pin=J?-14
Removed Pin From Net: NetName=ARM_DIR_1 Pin=J?-15
Removed Pin From Net: NetName=ARM_STEP_1 Pin=J?-16
Added Pin To Net: NetName=DIR_3 Pin=J?-2
Added Pin To Net: NetName=DIR_2 Pin=J?-3
Added Pin To Net: NetName=DIR_1 Pin=J?-4
Added Pin To Net: NetName=GND Pin=J?-5
Added Pin To Net: NetName=ARM_DIR_1 Pin=J?-6
Added Pin To Net: NetName=ARM_DIR_2 Pin=J?-7
Added Pin To Net: NetName=ARM_DIR_3 Pin=J?-8
Added Pin To Net: NetName=PWM_4 Pin=J?-9
Added Pin To Net: NetName=PWM_3 Pin=J?-10
Added Pin To Net: NetName=PWM_2 Pin=J?-11
Added Pin To Net: NetName=PWM_1 Pin=J?-12
Added Pin To Net: NetName=GND Pin=J?-13
Added Pin To Net: NetName=ARM_STEP_1 Pin=J?-14
Added Pin To Net: NetName=ARM_STEP_2 Pin=J?-15
Added Pin To Net: NetName=ARM_STEP_3 Pin=J?-16
Change Net Name : Old Net Name=NetJ2_10 New Net Name=CE_N
Change Net Name : Old Net Name=NetJ2_11 New Net Name=PG
Change Net Name : Old Net Name=NetJ2_12 New Net Name=IBAT
Change Net Name : Old Net Name=NetJ2_14 New Net Name=STAT
Change Net Name : Old Net Name=NetJ2_15 New Net Name=INT_N
Change Net Name : Old Net Name=NetJ2_16 New Net Name=QON_N
Change Net Name : Old Net Name=NetJ2_17 New Net Name=C1_EN
Change Net Name : Old Net Name=NetJ2_18 New Net Name=C2_EN
Change Net Name : Old Net Name=NetJ2_19 New Net Name=C3_EN
Change Net Name : Old Net Name=NetJ2_20 New Net Name=C4_EN
Added Room: Name=Designator
Added Room: Name=Designator
Added Room: Name=Designator
