Removed Pin From Net: NetName=GND Pin=J16-1
Removed Pin From Net: NetName=PG Pin=J16-2
Removed Pin From Net: NetName=IBAT Pin=J16-3
Removed Pin From Net: NetName=INT_N Pin=J16-4
Removed Pin From Net: NetName=QON_N Pin=J16-5
Removed Pin From Net: NetName=SDA Pin=J16-6
Removed Pin From Net: NetName=SCL Pin=J16-7
Removed Pin From Net: NetName=CE_N Pin=J16-8
Removed Pin From Net: NetName=C1_EN Pin=J16-9
Removed Pin From Net: NetName=C2_EN Pin=J16-10
Removed Pin From Net: NetName=C3_EN Pin=J16-11
Removed Pin From Net: NetName=C4_EN Pin=J16-12
Removed Pin From Net: NetName=M_CTR Pin=J16-13
Added Pin To Net: NetName=C1_EN Pin=J16-1
Added Pin To Net: NetName=C2_EN Pin=J16-2
Added Pin To Net: NetName=C3_EN Pin=J16-3
Added Pin To Net: NetName=GND Pin=J16-4
Added Pin To Net: NetName=SDA Pin=J16-5
Added Pin To Net: NetName=C4_EN Pin=J16-6
Added Pin To Net: NetName=M_CTR Pin=J16-7
Added Pin To Net: NetName=QON_N Pin=J16-8
Added Pin To Net: NetName=IBAT Pin=J16-9
Added Pin To Net: NetName=PG Pin=J16-10
Added Pin To Net: NetName=CE_N Pin=J16-11
Added Pin To Net: NetName=SCL Pin=J16-12
Added Pin To Net: NetName=INT_N Pin=J16-13
Added Room: Name=Designator
Added Room: Name=Designator
Added Room: Name=Designator
