Removed Pin From Net: NetName=ARM_DIR_1 Pin=J14-2
Removed Pin From Net: NetName=ARM_DIR_2 Pin=J14-3
Removed Pin From Net: NetName=ARM_DIR_3 Pin=J14-4
Removed Pin From Net: NetName=GND Pin=J14-5
Removed Pin From Net: NetName=ARM_STEP_1 Pin=J14-7
Removed Pin From Net: NetName=ARM_STEP_2 Pin=J14-8
Removed Pin From Net: NetName=ARM_STEP_3 Pin=J14-9
Removed Pin From Net: NetName=GND Pin=J14-10
Removed Pin From Net: NetName=PWM_4 Pin=J16-1
Removed Pin From Net: NetName=DIR_3 Pin=J16-2
Removed Pin From Net: NetName=PWM_3 Pin=J16-3
Removed Pin From Net: NetName=PWM_2 Pin=J16-4
Removed Pin From Net: NetName=DIR_2 Pin=J16-5
Removed Pin From Net: NetName=PWM_1 Pin=J16-6
Removed Pin From Net: NetName=DIR_1 Pin=J16-7
Removed Pin From Net: NetName=DIR_4 Pin=J16-8
Removed Pin From Net: NetName=GND Pin=J16-9
Removed Pin From Net: NetName=NetJ2_16 Pin=J16-10
Removed Pin From Net: NetName=NetJ2_15 Pin=J16-11
Removed Pin From Net: NetName=NetJ2_12 Pin=J16-12
Removed Pin From Net: NetName=NetJ2_11 Pin=J16-13
Removed Pin From Net: NetName=NetJ2_10 Pin=J16-14
Removed Pin From Net: NetName=GND Pin=J?-1
Removed Pin From Net: NetName=GND Pin=J?-2
Removed Pin From Net: NetName=ARM_DIR_3 Pin=J?-3
Removed Pin From Net: NetName=ARM_STEP_3 Pin=J?-4
Removed Pin From Net: NetName=ARM_DIR_2 Pin=J?-5
Removed Pin From Net: NetName=ARM_STEP_2 Pin=J?-6
Removed Pin From Net: NetName=ARM_DIR_1 Pin=J?-7
Removed Pin From Net: NetName=ARM_STEP_1 Pin=J?-8
Removed Pin From Net: NetName=NetJ2_17 Pin=J?-9
Removed Pin From Net: NetName=NetJ2_18 Pin=J?-10
Removed Pin From Net: NetName=NetJ2_19 Pin=J?-11
Removed Pin From Net: NetName=NetJ2_20 Pin=J?-12
Removed Pin From Net: NetName=SDA Pin=J?-13
Removed Pin From Net: NetName=SCL Pin=J?-14
Removed Pin From Net: NetName=M_CTR Pin=J?-15
Removed Pin From Net: NetName=LIDAR_RX Pin=J?-16
Added Pin To Net: NetName=GND Pin=J14-2
Added Pin To Net: NetName=ARM_DIR_1 Pin=J14-3
Added Pin To Net: NetName=ARM_DIR_2 Pin=J14-4
Added Pin To Net: NetName=ARM_DIR_3 Pin=J14-5
Added Pin To Net: NetName=GND Pin=J14-7
Added Pin To Net: NetName=ARM_STEP_1 Pin=J14-8
Added Pin To Net: NetName=ARM_STEP_2 Pin=J14-9
Added Pin To Net: NetName=ARM_STEP_3 Pin=J14-10
Added Pin To Net: NetName=GND Pin=J16-1
Added Pin To Net: NetName=NetJ2_11 Pin=J16-2
Added Pin To Net: NetName=NetJ2_12 Pin=J16-3
Added Pin To Net: NetName=NetJ2_15 Pin=J16-4
Added Pin To Net: NetName=NetJ2_16 Pin=J16-5
Added Pin To Net: NetName=SDA Pin=J16-6
Added Pin To Net: NetName=SCL Pin=J16-7
Added Pin To Net: NetName=NetJ2_10 Pin=J16-8
Added Pin To Net: NetName=NetJ2_17 Pin=J16-9
Added Pin To Net: NetName=NetJ2_18 Pin=J16-10
Added Pin To Net: NetName=NetJ2_19 Pin=J16-11
Added Pin To Net: NetName=NetJ2_20 Pin=J16-12
Added Pin To Net: NetName=M_CTR Pin=J16-13
Added Pin To Net: NetName=LIDAR_RX Pin=J16-14
Added Pin To Net: NetName=DIR_4 Pin=J?-1
Added Pin To Net: NetName=PWM_4 Pin=J?-2
Added Pin To Net: NetName=DIR_3 Pin=J?-3
Added Pin To Net: NetName=PWM_3 Pin=J?-4
Added Pin To Net: NetName=PWM_2 Pin=J?-5
Added Pin To Net: NetName=DIR_2 Pin=J?-6
Added Pin To Net: NetName=PWM_1 Pin=J?-7
Added Pin To Net: NetName=DIR_1 Pin=J?-8
Added Pin To Net: NetName=GND Pin=J?-9
Added Pin To Net: NetName=GND Pin=J?-10
Added Pin To Net: NetName=ARM_DIR_3 Pin=J?-11
Added Pin To Net: NetName=ARM_STEP_3 Pin=J?-12
Added Pin To Net: NetName=ARM_DIR_2 Pin=J?-13
Added Pin To Net: NetName=ARM_STEP_2 Pin=J?-14
Added Pin To Net: NetName=ARM_DIR_1 Pin=J?-15
Added Pin To Net: NetName=ARM_STEP_1 Pin=J?-16
Added Room: Name=Designator
Added Room: Name=Designator
