Change component parameters: Designator = "J5" ("J5"); Footprint = "39302040"; UniqueID = "\YOLZCBXQ" ("\YOLZCBXQ")
Change component parameters (AddParameter): Name = "Arrow Part Number"; Value = "39-28-8040"; VariantName = "[No Variations]"
Change component parameters (AddParameter): Name = "Arrow Price/Stock"; Value = "https://www.arrow.com/en/products/39-28-8040/molex"; VariantName = "[No Variations]"
Change component parameters (AddParameter): Name = "Datasheet Link"; Value = "https://www.molex.com/webdocs/datasheets/pdf/en-us/0039288040_PCB_HEADERS.pdf"; VariantName = "[No Variations]"
Change component parameters (AddParameter): Name = "Height"; Value = "13.1mm"; VariantName = "[No Variations]"
Change component parameters (AddParameter): Name = "Manufacturer_Name"; Value = "Molex"; VariantName = "[No Variations]"
Change component parameters (AddParameter): Name = "Manufacturer_Part_Number"; Value = "39-28-8040"; VariantName = "[No Variations]"
Change component parameters (AddParameter): Name = "Mouser Part Number"; Value = "538-39-28-8040"; VariantName = "[No Variations]"
Change component parameters (AddParameter): Name = "Mouser Price/Stock"; Value = "https://www.mouser.co.uk/ProductDetail/Molex/39-28-8040?qs=SeTnVz%252B%252BFGDDzw7HSzN2Lw%3D%3D"; VariantName = "[No Variations]"
Change component parameters: Designator = "J6" ("J6"); Footprint = "39302040"; UniqueID = "\VSZHKJKL" ("\VSZHKJKL")
Change component parameters (AddParameter): Name = "Arrow Part Number"; Value = "39-28-8040"; VariantName = "[No Variations]"
Change component parameters (AddParameter): Name = "Arrow Price/Stock"; Value = "https://www.arrow.com/en/products/39-28-8040/molex"; VariantName = "[No Variations]"
Change component parameters (AddParameter): Name = "Datasheet Link"; Value = "https://www.molex.com/webdocs/datasheets/pdf/en-us/0039288040_PCB_HEADERS.pdf"; VariantName = "[No Variations]"
Change component parameters (AddParameter): Name = "Height"; Value = "13.1mm"; VariantName = "[No Variations]"
Change component parameters (AddParameter): Name = "Manufacturer_Name"; Value = "Molex"; VariantName = "[No Variations]"
Change component parameters (AddParameter): Name = "Manufacturer_Part_Number"; Value = "39-28-8040"; VariantName = "[No Variations]"
Change component parameters (AddParameter): Name = "Mouser Part Number"; Value = "538-39-28-8040"; VariantName = "[No Variations]"
Change component parameters (AddParameter): Name = "Mouser Price/Stock"; Value = "https://www.mouser.co.uk/ProductDetail/Molex/39-28-8040?qs=SeTnVz%252B%252BFGDDzw7HSzN2Lw%3D%3D"; VariantName = "[No Variations]"
Change component parameters: Designator = "J7" ("J7"); Footprint = "39302040"; UniqueID = "\HDUGIOGL" ("\HDUGIOGL")
Change component parameters (AddParameter): Name = "Arrow Part Number"; Value = "39-28-8040"; VariantName = "[No Variations]"
Change component parameters (AddParameter): Name = "Arrow Price/Stock"; Value = "https://www.arrow.com/en/products/39-28-8040/molex"; VariantName = "[No Variations]"
Change component parameters (AddParameter): Name = "Datasheet Link"; Value = "https://www.molex.com/webdocs/datasheets/pdf/en-us/0039288040_PCB_HEADERS.pdf"; VariantName = "[No Variations]"
Change component parameters (AddParameter): Name = "Height"; Value = "13.1mm"; VariantName = "[No Variations]"
Change component parameters (AddParameter): Name = "Manufacturer_Name"; Value = "Molex"; VariantName = "[No Variations]"
Change component parameters (AddParameter): Name = "Manufacturer_Part_Number"; Value = "39-28-8040"; VariantName = "[No Variations]"
Change component parameters (AddParameter): Name = "Mouser Part Number"; Value = "538-39-28-8040"; VariantName = "[No Variations]"
Change component parameters (AddParameter): Name = "Mouser Price/Stock"; Value = "https://www.mouser.co.uk/ProductDetail/Molex/39-28-8040?qs=SeTnVz%252B%252BFGDDzw7HSzN2Lw%3D%3D"; VariantName = "[No Variations]"
Change component parameters: Designator = "J8" ("J8"); Footprint = "39302040"; UniqueID = "\KGSLCSFP" ("\KGSLCSFP")
Change component parameters (AddParameter): Name = "Arrow Part Number"; Value = "39-28-8040"; VariantName = "[No Variations]"
Change component parameters (AddParameter): Name = "Arrow Price/Stock"; Value = "https://www.arrow.com/en/products/39-28-8040/molex"; VariantName = "[No Variations]"
Change component parameters (AddParameter): Name = "Datasheet Link"; Value = "https://www.molex.com/webdocs/datasheets/pdf/en-us/0039288040_PCB_HEADERS.pdf"; VariantName = "[No Variations]"
Change component parameters (AddParameter): Name = "Height"; Value = "13.1mm"; VariantName = "[No Variations]"
Change component parameters (AddParameter): Name = "Manufacturer_Name"; Value = "Molex"; VariantName = "[No Variations]"
Change component parameters (AddParameter): Name = "Manufacturer_Part_Number"; Value = "39-28-8040"; VariantName = "[No Variations]"
Change component parameters (AddParameter): Name = "Mouser Part Number"; Value = "538-39-28-8040"; VariantName = "[No Variations]"
Change component parameters (AddParameter): Name = "Mouser Price/Stock"; Value = "https://www.mouser.co.uk/ProductDetail/Molex/39-28-8040?qs=SeTnVz%252B%252BFGDDzw7HSzN2Lw%3D%3D"; VariantName = "[No Variations]"
Change component parameters: Designator = "J9" ("J9"); Footprint = "39302040"; UniqueID = "\OXPTQULJ" ("\OXPTQULJ")
Change component parameters (AddParameter): Name = "Arrow Part Number"; Value = "39-28-8040"; VariantName = "[No Variations]"
Change component parameters (AddParameter): Name = "Arrow Price/Stock"; Value = "https://www.arrow.com/en/products/39-28-8040/molex"; VariantName = "[No Variations]"
Change component parameters (AddParameter): Name = "Datasheet Link"; Value = "https://www.molex.com/webdocs/datasheets/pdf/en-us/0039288040_PCB_HEADERS.pdf"; VariantName = "[No Variations]"
Change component parameters (AddParameter): Name = "Height"; Value = "13.1mm"; VariantName = "[No Variations]"
Change component parameters (AddParameter): Name = "Manufacturer_Name"; Value = "Molex"; VariantName = "[No Variations]"
Change component parameters (AddParameter): Name = "Manufacturer_Part_Number"; Value = "39-28-8040"; VariantName = "[No Variations]"
Change component parameters (AddParameter): Name = "Mouser Part Number"; Value = "538-39-28-8040"; VariantName = "[No Variations]"
Change component parameters (AddParameter): Name = "Mouser Price/Stock"; Value = "https://www.mouser.co.uk/ProductDetail/Molex/39-28-8040?qs=SeTnVz%252B%252BFGDDzw7HSzN2Lw%3D%3D"; VariantName = "[No Variations]"
Change component parameters: Designator = "J10" ("J10"); Footprint = "39302040"; UniqueID = "\HMAIKPHP" ("\HMAIKPHP")
Change component parameters (AddParameter): Name = "Arrow Part Number"; Value = "39-28-8040"; VariantName = "[No Variations]"
Change component parameters (AddParameter): Name = "Arrow Price/Stock"; Value = "https://www.arrow.com/en/products/39-28-8040/molex"; VariantName = "[No Variations]"
Change component parameters (AddParameter): Name = "Datasheet Link"; Value = "https://www.molex.com/webdocs/datasheets/pdf/en-us/0039288040_PCB_HEADERS.pdf"; VariantName = "[No Variations]"
Change component parameters (AddParameter): Name = "Height"; Value = "13.1mm"; VariantName = "[No Variations]"
Change component parameters (AddParameter): Name = "Manufacturer_Name"; Value = "Molex"; VariantName = "[No Variations]"
Change component parameters (AddParameter): Name = "Manufacturer_Part_Number"; Value = "39-28-8040"; VariantName = "[No Variations]"
Change component parameters (AddParameter): Name = "Mouser Part Number"; Value = "538-39-28-8040"; VariantName = "[No Variations]"
Change component parameters (AddParameter): Name = "Mouser Price/Stock"; Value = "https://www.mouser.co.uk/ProductDetail/Molex/39-28-8040?qs=SeTnVz%252B%252BFGDDzw7HSzN2Lw%3D%3D"; VariantName = "[No Variations]"
Change component parameters: Designator = "J11" ("J11"); Footprint = "39302040"; UniqueID = "\PHVLTVOY" ("\PHVLTVOY")
Change component parameters (AddParameter): Name = "Arrow Part Number"; Value = "39-28-8040"; VariantName = "[No Variations]"
Change component parameters (AddParameter): Name = "Arrow Price/Stock"; Value = "https://www.arrow.com/en/products/39-28-8040/molex"; VariantName = "[No Variations]"
Change component parameters (AddParameter): Name = "Datasheet Link"; Value = "https://www.molex.com/webdocs/datasheets/pdf/en-us/0039288040_PCB_HEADERS.pdf"; VariantName = "[No Variations]"
Change component parameters (AddParameter): Name = "Height"; Value = "13.1mm"; VariantName = "[No Variations]"
Change component parameters (AddParameter): Name = "Manufacturer_Name"; Value = "Molex"; VariantName = "[No Variations]"
Change component parameters (AddParameter): Name = "Manufacturer_Part_Number"; Value = "39-28-8040"; VariantName = "[No Variations]"
Change component parameters (AddParameter): Name = "Mouser Part Number"; Value = "538-39-28-8040"; VariantName = "[No Variations]"
Change component parameters (AddParameter): Name = "Mouser Price/Stock"; Value = "https://www.mouser.co.uk/ProductDetail/Molex/39-28-8040?qs=SeTnVz%252B%252BFGDDzw7HSzN2Lw%3D%3D"; VariantName = "[No Variations]"
Change component parameters: Designator = "J12" ("J12"); Footprint = "39302040"; UniqueID = "\LJOVAGSD" ("\LJOVAGSD")
Change component parameters (AddParameter): Name = "Arrow Part Number"; Value = "39-28-8040"; VariantName = "[No Variations]"
Change component parameters (AddParameter): Name = "Arrow Price/Stock"; Value = "https://www.arrow.com/en/products/39-28-8040/molex"; VariantName = "[No Variations]"
Change component parameters (AddParameter): Name = "Datasheet Link"; Value = "https://www.molex.com/webdocs/datasheets/pdf/en-us/0039288040_PCB_HEADERS.pdf"; VariantName = "[No Variations]"
Change component parameters (AddParameter): Name = "Height"; Value = "13.1mm"; VariantName = "[No Variations]"
Change component parameters (AddParameter): Name = "Manufacturer_Name"; Value = "Molex"; VariantName = "[No Variations]"
Change component parameters (AddParameter): Name = "Manufacturer_Part_Number"; Value = "39-28-8040"; VariantName = "[No Variations]"
Change component parameters (AddParameter): Name = "Mouser Part Number"; Value = "538-39-28-8040"; VariantName = "[No Variations]"
Change component parameters (AddParameter): Name = "Mouser Price/Stock"; Value = "https://www.mouser.co.uk/ProductDetail/Molex/39-28-8040?qs=SeTnVz%252B%252BFGDDzw7HSzN2Lw%3D%3D"; VariantName = "[No Variations]"
Added Room: Name=Designator
Added Room: Name=Designator
Added Room: Name=Designator
