Added Component: Designator=C1(0805)
Added Component: Designator=C2(0805)
Added Component: Designator=J1(JST-XH_4p)
Added Component: Designator=JP1(JumperHeader_0.100"_2p)
Added Component: Designator=JP2(SolderJumper_3p)
Added Component: Designator=JP3(SolderJumper_2p)
Added Component: Designator=JP4(SolderJumper_3p)
Added Component: Designator=R1(0805)
Added Component: Designator=R2(0805)
Added Component: Designator=U1(SOIC-8)
Added Pin To Net: NetName=3V3 Pin=C1-2
Added Pin To Net: NetName=3V3 Pin=J1-1
Added Pin To Net: NetName=3V3 Pin=JP1-2
Added Pin To Net: NetName=3V3 Pin=JP2-1
Added Pin To Net: NetName=3V3 Pin=R1-2
Added Pin To Net: NetName=3V3 Pin=R2-2
Added Pin To Net: NetName=3V3 Pin=U1-1
Added Pin To Net: NetName=3V3 Pin=U1-2
Added Net: Name=3V3
Added Pin To Net: NetName=GND Pin=C1-1
Added Pin To Net: NetName=GND Pin=C2-1
Added Pin To Net: NetName=GND Pin=J1-2
Added Pin To Net: NetName=GND Pin=JP2-3
Added Pin To Net: NetName=GND Pin=JP3-1
Added Pin To Net: NetName=GND Pin=U1-4
Added Net: Name=GND
Added Pin To Net: NetName=NetC2_2 Pin=C2-2
Added Pin To Net: NetName=NetC2_2 Pin=JP1-1
Added Net: Name=NetC2_2
Added Pin To Net: NetName=NetJ1_3 Pin=J1-3
Added Pin To Net: NetName=NetJ1_3 Pin=R1-1
Added Pin To Net: NetName=NetJ1_3 Pin=U1-7
Added Net: Name=NetJ1_3
Added Pin To Net: NetName=NetJ1_4 Pin=J1-4
Added Pin To Net: NetName=NetJ1_4 Pin=JP4-2
Added Net: Name=NetJ1_4
Added Pin To Net: NetName=NetJP2_2 Pin=JP2-2
Added Pin To Net: NetName=NetJP2_2 Pin=U1-8
Added Net: Name=NetJP2_2
Added Pin To Net: NetName=NetJP3_2 Pin=JP3-2
Added Pin To Net: NetName=NetJP3_2 Pin=U1-5
Added Net: Name=NetJP3_2
Added Pin To Net: NetName=NetJP4_1 Pin=JP4-1
Added Pin To Net: NetName=NetJP4_1 Pin=U1-3
Added Net: Name=NetJP4_1
Added Pin To Net: NetName=NetJP4_3 Pin=JP4-3
Added Pin To Net: NetName=NetJP4_3 Pin=R2-1
Added Pin To Net: NetName=NetJP4_3 Pin=U1-6
Added Net: Name=NetJP4_3
Added Class: Name=Sheet2
Added Room: Name=Sheet2
